<?xml version="1.0" encoding="UTF-8"?>
<!-- Generated by org.testng.reporters.JUnitXMLReporter -->
<testsuite ignored="0" hostname="Muralidharan" failures="0" tests="3" name="Default test" time="12.287" errors="0" timestamp="2025-07-06T18:14:07 IST">
  <testcase classname="Testscript.Login" name="testlogin" time="2.551"/>
  <testcase classname="Testscript.Login" name="testlogin" time="4.886"/>
  <testcase classname="Testscript.Login" name="testlogin" time="2.863"/>
</testsuite> <!-- Default test -->
